[0.016s] Invoking command in '/home/gino/ws_mobile/build/mobile_robot': /usr/bin/cmake --build /home/gino/ws_mobile/build/mobile_robot -- -j8 -l8
[0.201s] -- Found ament_cmake: 2.5.2 (/opt/ros/jazzy/share/ament_cmake/cmake)
[2.409s] Traceback (most recent call last):
[2.410s]   File "/opt/ros/jazzy/share/ament_cmake_core/cmake/package_templates/templates_2_cmake.py", line 21, in <module>
[2.410s]     from ament_package.templates import get_environment_hook_template_path
[2.410s] ModuleNotFoundError: No module named 'ament_package'
[2.440s] [31mCMake Error at /opt/ros/jazzy/share/ament_cmake_core/cmake/ament_cmake_package_templates-extras.cmake:41 (message):
[2.440s]   execute_process(/usr/bin/python3
[2.440s]   /opt/ros/jazzy/share/ament_cmake_core/cmake/package_templates/templates_2_cmake.py
[2.441s]   /home/gino/ws_mobile/build/mobile_robot/ament_cmake_package_templates/templates.cmake)
[2.441s]   returned error code 1
[2.441s] Call Stack (most recent call first):
[2.441s]   /opt/ros/jazzy/share/ament_cmake_core/cmake/ament_cmake_coreConfig.cmake:41 (include)
[2.441s]   /opt/ros/jazzy/share/ament_cmake/cmake/ament_cmake_export_dependencies-extras.cmake:15 (find_package)
[2.441s]   /opt/ros/jazzy/share/ament_cmake/cmake/ament_cmakeConfig.cmake:41 (include)
[2.442s]   CMakeLists.txt:9 (find_package)
[2.442s] 
[2.442s] [0m
[2.442s] -- Configuring incomplete, errors occurred!
[2.448s] gmake: *** [Makefile:226: cmake_check_build_system] Error 1
[2.451s] Invoked command in '/home/gino/ws_mobile/build/mobile_robot' returned '2': /usr/bin/cmake --build /home/gino/ws_mobile/build/mobile_robot -- -j8 -l8
